<?xml version="1.0" encoding="UTF-8"?>
<testsuite name="com.mitchellbosecke.seniorcommander.web.SeniorCommanderWebApplicationTests" tests="1" skipped="0" failures="0" errors="0" timestamp="2016-10-08T20:35:27" hostname="mitchell-pc" time="0.123">
  <properties/>
  <testcase name="contextLoads" classname="com.mitchellbosecke.seniorcommander.web.SeniorCommanderWebApplicationTests" time="0.123"/>
  <system-out><![CDATA[14:34:56.447 [Test worker] DEBUG org.springframework.test.context.junit4.SpringJUnit4ClassRunner - SpringJUnit4ClassRunner constructor called with [class com.mitchellbosecke.seniorcommander.web.SeniorCommanderWebApplicationTests]
14:34:56.463 [Test worker] DEBUG org.springframework.test.context.BootstrapUtils - Instantiating CacheAwareContextLoaderDelegate from class [org.springframework.test.context.cache.DefaultCacheAwareContextLoaderDelegate]
14:34:56.486 [Test worker] DEBUG org.springframework.test.context.BootstrapUtils - Instantiating BootstrapContext using constructor [public org.springframework.test.context.support.DefaultBootstrapContext(java.lang.Class,org.springframework.test.context.CacheAwareContextLoaderDelegate)]
14:34:56.527 [Test worker] DEBUG org.springframework.test.context.BootstrapUtils - Instantiating TestContextBootstrapper for test class [com.mitchellbosecke.seniorcommander.web.SeniorCommanderWebApplicationTests] from class [org.springframework.boot.test.context.SpringBootTestContextBootstrapper]
14:34:56.571 [Test worker] INFO org.springframework.boot.test.context.SpringBootTestContextBootstrapper - Neither @ContextConfiguration nor @ContextHierarchy found for test class [com.mitchellbosecke.seniorcommander.web.SeniorCommanderWebApplicationTests], using SpringBootContextLoader
14:34:56.578 [Test worker] DEBUG org.springframework.test.context.support.AbstractContextLoader - Did not detect default resource location for test class [com.mitchellbosecke.seniorcommander.web.SeniorCommanderWebApplicationTests]: class path resource [com/mitchellbosecke/seniorcommander/web/SeniorCommanderWebApplicationTests-context.xml] does not exist
14:34:56.578 [Test worker] DEBUG org.springframework.test.context.support.AbstractContextLoader - Did not detect default resource location for test class [com.mitchellbosecke.seniorcommander.web.SeniorCommanderWebApplicationTests]: class path resource [com/mitchellbosecke/seniorcommander/web/SeniorCommanderWebApplicationTestsContext.groovy] does not exist
14:34:56.579 [Test worker] INFO org.springframework.test.context.support.AbstractContextLoader - Could not detect default resource locations for test class [com.mitchellbosecke.seniorcommander.web.SeniorCommanderWebApplicationTests]: no resource found for suffixes {-context.xml, Context.groovy}.
14:34:56.580 [Test worker] INFO org.springframework.test.context.support.AnnotationConfigContextLoaderUtils - Could not detect default configuration classes for test class [com.mitchellbosecke.seniorcommander.web.SeniorCommanderWebApplicationTests]: SeniorCommanderWebApplicationTests does not declare any static, non-private, non-final, nested classes annotated with @Configuration.
14:34:56.735 [Test worker] DEBUG org.springframework.test.context.support.ActiveProfilesUtils - Could not find an 'annotation declaring class' for annotation type [org.springframework.test.context.ActiveProfiles] and class [com.mitchellbosecke.seniorcommander.web.SeniorCommanderWebApplicationTests]
14:34:56.848 [Test worker] DEBUG org.springframework.core.env.StandardEnvironment - Adding [systemProperties] PropertySource with lowest search precedence
14:34:56.850 [Test worker] DEBUG org.springframework.core.env.StandardEnvironment - Adding [systemEnvironment] PropertySource with lowest search precedence
14:34:56.850 [Test worker] DEBUG org.springframework.core.env.StandardEnvironment - Initialized StandardEnvironment with PropertySources [systemProperties,systemEnvironment]
14:34:56.911 [Test worker] DEBUG org.springframework.core.io.support.PathMatchingResourcePatternResolver - Resolved classpath location [com/mitchellbosecke/seniorcommander/web/] to resources [URL [file:/C:/Users/mitch_000/Workspace/SeniorCommanderWeb/build/classes/test/com/mitchellbosecke/seniorcommander/web/], URL [file:/C:/Users/mitch_000/Workspace/SeniorCommanderWeb/build/classes/main/com/mitchellbosecke/seniorcommander/web/]]
14:34:56.917 [Test worker] DEBUG org.springframework.core.io.support.PathMatchingResourcePatternResolver - Looking for matching resources in directory tree [C:\Users\mitch_000\Workspace\SeniorCommanderWeb\build\classes\test\com\mitchellbosecke\seniorcommander\web]
14:34:56.919 [Test worker] DEBUG org.springframework.core.io.support.PathMatchingResourcePatternResolver - Searching directory [C:\Users\mitch_000\Workspace\SeniorCommanderWeb\build\classes\test\com\mitchellbosecke\seniorcommander\web] for files matching pattern [C:/Users/mitch_000/Workspace/SeniorCommanderWeb/build/classes/test/com/mitchellbosecke/seniorcommander/web/*.class]
14:34:56.931 [Test worker] DEBUG org.springframework.core.io.support.PathMatchingResourcePatternResolver - Looking for matching resources in directory tree [C:\Users\mitch_000\Workspace\SeniorCommanderWeb\build\classes\main\com\mitchellbosecke\seniorcommander\web]
14:34:56.931 [Test worker] DEBUG org.springframework.core.io.support.PathMatchingResourcePatternResolver - Searching directory [C:\Users\mitch_000\Workspace\SeniorCommanderWeb\build\classes\main\com\mitchellbosecke\seniorcommander\web] for files matching pattern [C:/Users/mitch_000/Workspace/SeniorCommanderWeb/build/classes/main/com/mitchellbosecke/seniorcommander/web/*.class]
14:34:56.934 [Test worker] DEBUG org.springframework.core.io.support.PathMatchingResourcePatternResolver - Resolved location pattern [classpath*:com/mitchellbosecke/seniorcommander/web/*.class] to resources [file [C:\Users\mitch_000\Workspace\SeniorCommanderWeb\build\classes\test\com\mitchellbosecke\seniorcommander\web\SeniorCommanderWebApplicationTests.class], file [C:\Users\mitch_000\Workspace\SeniorCommanderWeb\build\classes\main\com\mitchellbosecke\seniorcommander\web\AccessLevel.class], file [C:\Users\mitch_000\Workspace\SeniorCommanderWeb\build\classes\main\com\mitchellbosecke\seniorcommander\web\SeniorCommanderWebApplication.class]]
14:34:57.089 [Test worker] DEBUG org.springframework.context.annotation.ClassPathScanningCandidateComponentProvider - Identified candidate component class: file [C:\Users\mitch_000\Workspace\SeniorCommanderWeb\build\classes\main\com\mitchellbosecke\seniorcommander\web\SeniorCommanderWebApplication.class]
14:34:57.090 [Test worker] INFO org.springframework.boot.test.context.SpringBootTestContextBootstrapper - Found @SpringBootConfiguration com.mitchellbosecke.seniorcommander.web.SeniorCommanderWebApplication for test class com.mitchellbosecke.seniorcommander.web.SeniorCommanderWebApplicationTests
14:34:57.103 [Test worker] DEBUG org.springframework.boot.test.context.SpringBootTestContextBootstrapper - @TestExecutionListeners is not present for class [com.mitchellbosecke.seniorcommander.web.SeniorCommanderWebApplicationTests]: using defaults.
14:34:57.128 [Test worker] INFO org.springframework.boot.test.context.SpringBootTestContextBootstrapper - Loaded default TestExecutionListener class names from location [META-INF/spring.factories]: [org.springframework.boot.test.mock.mockito.MockitoTestExecutionListener, org.springframework.boot.test.mock.mockito.ResetMocksTestExecutionListener, org.springframework.boot.test.autoconfigure.AutoConfigureReportTestExecutionListener, org.springframework.boot.test.autoconfigure.restdocs.RestDocsTestExecutionListener, org.springframework.boot.test.autoconfigure.web.client.MockRestServiceServerResetTestExecutionListener, org.springframework.test.context.web.ServletTestExecutionListener, org.springframework.test.context.support.DirtiesContextBeforeModesTestExecutionListener, org.springframework.test.context.support.DependencyInjectionTestExecutionListener, org.springframework.test.context.support.DirtiesContextTestExecutionListener, org.springframework.test.context.transaction.TransactionalTestExecutionListener, org.springframework.test.context.jdbc.SqlScriptsTestExecutionListener]
14:34:57.155 [Test worker] INFO org.springframework.boot.test.context.SpringBootTestContextBootstrapper - Using TestExecutionListeners: [org.springframework.test.context.web.ServletTestExecutionListener@54f96797, org.springframework.test.context.support.DirtiesContextBeforeModesTestExecutionListener@2d266897, org.springframework.boot.test.autoconfigure.AutoConfigureReportTestExecutionListener@103d3843, org.springframework.test.context.support.DependencyInjectionTestExecutionListener@2ec4d4e6, org.springframework.test.context.support.DirtiesContextTestExecutionListener@319edb76, org.springframework.test.context.transaction.TransactionalTestExecutionListener@2f626f02, org.springframework.test.context.jdbc.SqlScriptsTestExecutionListener@56e4a58d, org.springframework.boot.test.mock.mockito.ResetMocksTestExecutionListener@5e0f3853, org.springframework.boot.test.autoconfigure.restdocs.RestDocsTestExecutionListener@198d1d8f, org.springframework.boot.test.autoconfigure.web.client.MockRestServiceServerResetTestExecutionListener@252b6bc3, org.springframework.boot.test.mock.mockito.MockitoTestExecutionListener@56106a26]
14:34:57.162 [Test worker] DEBUG org.springframework.test.annotation.ProfileValueUtils - Retrieved @ProfileValueSourceConfiguration [null] for test class [com.mitchellbosecke.seniorcommander.web.SeniorCommanderWebApplicationTests]
14:34:57.162 [Test worker] DEBUG org.springframework.test.annotation.ProfileValueUtils - Retrieved ProfileValueSource type [class org.springframework.test.annotation.SystemProfileValueSource] for class [com.mitchellbosecke.seniorcommander.web.SeniorCommanderWebApplicationTests]
14:34:57.163 [Test worker] DEBUG org.springframework.test.annotation.ProfileValueUtils - Retrieved @ProfileValueSourceConfiguration [null] for test class [com.mitchellbosecke.seniorcommander.web.SeniorCommanderWebApplicationTests]
14:34:57.163 [Test worker] DEBUG org.springframework.test.annotation.ProfileValueUtils - Retrieved ProfileValueSource type [class org.springframework.test.annotation.SystemProfileValueSource] for class [com.mitchellbosecke.seniorcommander.web.SeniorCommanderWebApplicationTests]
14:34:57.172 [Test worker] DEBUG org.springframework.test.context.support.AbstractDirtiesContextTestExecutionListener - Before test class: context [DefaultTestContext@4f66e9f8 testClass = SeniorCommanderWebApplicationTests, testInstance = [null], testMethod = [null], testException = [null], mergedContextConfiguration = [WebMergedContextConfiguration@6b525619 testClass = SeniorCommanderWebApplicationTests, locations = '{}', classes = '{class com.mitchellbosecke.seniorcommander.web.SeniorCommanderWebApplication}', contextInitializerClasses = '[]', activeProfiles = '{}', propertySourceLocations = '{}', propertySourceProperties = '{org.springframework.boot.test.context.SpringBootTestContextBootstrapper=true}', contextCustomizers = set[org.springframework.boot.test.context.SpringBootTestContextCustomizer@6650629d, org.springframework.boot.test.context.filter.ExcludeFilterContextCustomizer@72945d23, org.springframework.boot.test.mock.mockito.MockitoContextCustomizer@0, org.springframework.boot.test.autoconfigure.properties.PropertyMappingContextCustomizer@0], resourceBasePath = 'src/main/webapp', contextLoader = 'org.springframework.boot.test.context.SpringBootContextLoader', parent = [null]]], class annotated with @DirtiesContext [false] with mode [null].
14:34:57.174 [Test worker] DEBUG org.springframework.test.annotation.ProfileValueUtils - Retrieved @ProfileValueSourceConfiguration [null] for test class [com.mitchellbosecke.seniorcommander.web.SeniorCommanderWebApplicationTests]
14:34:57.174 [Test worker] DEBUG org.springframework.test.annotation.ProfileValueUtils - Retrieved ProfileValueSource type [class org.springframework.test.annotation.SystemProfileValueSource] for class [com.mitchellbosecke.seniorcommander.web.SeniorCommanderWebApplicationTests]
14:34:57.281 [Test worker] DEBUG org.springframework.core.env.StandardEnvironment - Adding [systemProperties] PropertySource with lowest search precedence
14:34:57.281 [Test worker] DEBUG org.springframework.core.env.StandardEnvironment - Adding [systemEnvironment] PropertySource with lowest search precedence
14:34:57.281 [Test worker] DEBUG org.springframework.core.env.StandardEnvironment - Initialized StandardEnvironment with PropertySources [systemProperties,systemEnvironment]
14:34:57.287 [Test worker] DEBUG org.springframework.test.context.support.TestPropertySourceUtils - Adding inlined properties to environment: {spring.jmx.enabled=false, org.springframework.boot.test.context.SpringBootTestContextBootstrapper=true, server.port=-1}
14:34:57.290 [Test worker] DEBUG org.springframework.core.env.StandardEnvironment - Adding [Inlined Test Properties] PropertySource with highest search precedence

  .   ____          _            __ _ _
 /\\ / ___'_ __ _ _(_)_ __  __ _ \ \ \ \
( ( )\___ | '_ | '_| | '_ \/ _` | \ \ \ \
 \\/  ___)| |_)| | | | | || (_| |  ) ) ) )
  '  |____| .__|_| |_|_| |_\__, | / / / /
 =========|_|==============|___/=/_/_/_/
 :: Spring Boot ::        (v1.4.0.RELEASE)

2016-10-08 14:34:58.881  INFO 23780 --- [    Test worker] m.s.w.SeniorCommanderWebApplicationTests : Starting SeniorCommanderWebApplicationTests on mitchell-pc with PID 23780 (started by mitch_000 in C:\Users\mitch_000\Workspace\SeniorCommanderWeb)
2016-10-08 14:34:58.882  INFO 23780 --- [    Test worker] m.s.w.SeniorCommanderWebApplicationTests : No active profile set, falling back to default profiles: default
2016-10-08 14:34:59.177  INFO 23780 --- [    Test worker] o.s.w.c.s.GenericWebApplicationContext   : Refreshing org.springframework.web.context.support.GenericWebApplicationContext@10bc9686: startup date [Sat Oct 08 14:34:59 MDT 2016]; root of context hierarchy
2016-10-08 14:35:03.979  INFO 23780 --- [    Test worker] o.s.b.f.s.DefaultListableBeanFactory     : Overriding bean definition for bean 'scopedTarget.oauth2ClientContext' with a different definition: replacing [Root bean: class [null]; scope=session; abstract=false; lazyInit=false; autowireMode=3; dependencyCheck=0; autowireCandidate=false; primary=false; factoryBeanName=org.springframework.security.oauth2.config.annotation.web.configuration.OAuth2ClientConfiguration$OAuth2ClientContextConfiguration; factoryMethodName=oauth2ClientContext; initMethodName=null; destroyMethodName=(inferred); defined in org.springframework.security.oauth2.config.annotation.web.configuration.OAuth2ClientConfiguration$OAuth2ClientContextConfiguration] with [Root bean: class [null]; scope=session; abstract=false; lazyInit=false; autowireMode=3; dependencyCheck=0; autowireCandidate=false; primary=false; factoryBeanName=org.springframework.boot.autoconfigure.security.oauth2.client.OAuth2RestOperationsConfiguration$SessionScopedConfiguration$ClientContextConfiguration; factoryMethodName=oauth2ClientContext; initMethodName=null; destroyMethodName=(inferred); defined in class path resource [org/springframework/boot/autoconfigure/security/oauth2/client/OAuth2RestOperationsConfiguration$SessionScopedConfiguration$ClientContextConfiguration.class]]
2016-10-08 14:35:07.530  INFO 23780 --- [    Test worker] trationDelegate$BeanPostProcessorChecker : Bean 'org.springframework.transaction.annotation.ProxyTransactionManagementConfiguration' of type [class org.springframework.transaction.annotation.ProxyTransactionManagementConfiguration$$EnhancerBySpringCGLIB$$8c7fd1f5] is not eligible for getting processed by all BeanPostProcessors (for example: not eligible for auto-proxying)
2016-10-08 14:35:09.581  INFO 23780 --- [    Test worker] j.LocalContainerEntityManagerFactoryBean : Building JPA container EntityManagerFactory for persistence unit 'default'
2016-10-08 14:35:09.766  INFO 23780 --- [    Test worker] o.hibernate.jpa.internal.util.LogHelper  : HHH000204: Processing PersistenceUnitInfo [
	name: default
	...]
2016-10-08 14:35:10.332  INFO 23780 --- [    Test worker] org.hibernate.Version                    : HHH000412: Hibernate Core {5.0.9.Final}
2016-10-08 14:35:10.345  INFO 23780 --- [    Test worker] org.hibernate.cfg.Environment            : HHH000206: hibernate.properties not found
2016-10-08 14:35:10.349  INFO 23780 --- [    Test worker] org.hibernate.cfg.Environment            : HHH000021: Bytecode provider name : javassist
2016-10-08 14:35:10.491  INFO 23780 --- [    Test worker] o.hibernate.annotations.common.Version   : HCANN000001: Hibernate Commons Annotations {5.0.1.Final}
2016-10-08 14:35:11.071  INFO 23780 --- [    Test worker] org.hibernate.dialect.Dialect            : HHH000400: Using dialect: org.hibernate.dialect.PostgreSQL94Dialect
2016-10-08 14:35:11.266  INFO 23780 --- [    Test worker] o.h.e.j.e.i.LobCreatorBuilderImpl        : HHH000424: Disabling contextual LOB creation as createClob() method threw error : java.lang.reflect.InvocationTargetException
2016-10-08 14:35:11.269  INFO 23780 --- [    Test worker] org.hibernate.type.BasicTypeRegistry     : HHH000270: Type registration [java.util.UUID] overrides previous : org.hibernate.type.UUIDBinaryType@5f95306c
2016-10-08 14:35:13.399  INFO 23780 --- [    Test worker] j.LocalContainerEntityManagerFactoryBean : Initialized JPA EntityManagerFactory for persistence unit 'default'
2016-10-08 14:35:14.685  INFO 23780 --- [    Test worker] o.s.aop.framework.CglibAopProxy          : Unable to proxy method [protected final org.springframework.security.config.annotation.web.builders.HttpSecurity org.springframework.security.config.annotation.web.configuration.WebSecurityConfigurerAdapter.getHttp() throws java.lang.Exception] because it is final: All calls to this method via a proxy will NOT be routed to the target instance.
2016-10-08 14:35:14.689  INFO 23780 --- [    Test worker] o.s.aop.framework.CglibAopProxy          : Unable to proxy method [protected final org.springframework.context.ApplicationContext org.springframework.security.config.annotation.web.configuration.WebSecurityConfigurerAdapter.getApplicationContext()] because it is final: All calls to this method via a proxy will NOT be routed to the target instance.
2016-10-08 14:35:16.600  INFO 23780 --- [    Test worker] o.h.h.i.QueryTranslatorFactoryInitiator  : HHH000397: Using ASTQueryTranslatorFactory
2016-10-08 14:35:21.586  INFO 23780 --- [    Test worker] s.w.s.m.m.a.RequestMappingHandlerAdapter : Looking for @ControllerAdvice: org.springframework.web.context.support.GenericWebApplicationContext@10bc9686: startup date [Sat Oct 08 14:34:59 MDT 2016]; root of context hierarchy
2016-10-08 14:35:22.350  INFO 23780 --- [    Test worker] s.w.s.m.m.a.RequestMappingHandlerMapping : Mapped "{[/community/{communityName}/log]}" onto public org.springframework.web.servlet.ModelAndView com.mitchellbosecke.seniorcommander.web.controller.CommunityController.log(java.lang.String)
2016-10-08 14:35:22.359  INFO 23780 --- [    Test worker] s.w.s.m.m.a.RequestMappingHandlerMapping : Mapped "{[/community/{communityName} || /community/{communityName}/dashboard]}" onto public org.springframework.web.servlet.ModelAndView com.mitchellbosecke.seniorcommander.web.controller.CommunityController.dashboard(java.lang.String)
2016-10-08 14:35:22.371  INFO 23780 --- [    Test worker] s.w.s.m.m.a.RequestMappingHandlerMapping : Mapped "{[/community]}" onto public org.springframework.web.servlet.View com.mitchellbosecke.seniorcommander.web.controller.CommunityController.community()
2016-10-08 14:35:22.374  INFO 23780 --- [    Test worker] s.w.s.m.m.a.RequestMappingHandlerMapping : Mapped "{[/community/{communityName}/commands]}" onto public org.springframework.web.servlet.ModelAndView com.mitchellbosecke.seniorcommander.web.controller.CommunityController.commands(java.lang.String,org.springframework.data.domain.Pageable)
2016-10-08 14:35:22.400  INFO 23780 --- [    Test worker] s.w.s.m.m.a.RequestMappingHandlerMapping : Mapped "{[/community/{communityName}/timers]}" onto public org.springframework.web.servlet.ModelAndView com.mitchellbosecke.seniorcommander.web.controller.CommunityController.timers(java.lang.String)
2016-10-08 14:35:22.400  INFO 23780 --- [    Test worker] s.w.s.m.m.a.RequestMappingHandlerMapping : Mapped "{[/community/{communityName}/users]}" onto public org.springframework.web.servlet.ModelAndView com.mitchellbosecke.seniorcommander.web.controller.CommunityController.users(java.lang.String,org.springframework.data.domain.Pageable)
2016-10-08 14:35:22.400  INFO 23780 --- [    Test worker] s.w.s.m.m.a.RequestMappingHandlerMapping : Mapped "{[/community/{communityName}/quotes]}" onto public org.springframework.web.servlet.ModelAndView com.mitchellbosecke.seniorcommander.web.controller.CommunityController.quotes(java.lang.String,org.springframework.data.domain.Pageable)
2016-10-08 14:35:22.401  INFO 23780 --- [    Test worker] s.w.s.m.m.a.RequestMappingHandlerMapping : Mapped "{[/community/{communityName}/admin]}" onto public org.springframework.web.servlet.ModelAndView com.mitchellbosecke.seniorcommander.web.controller.CommunityController.admin(java.lang.String)
2016-10-08 14:35:22.402  INFO 23780 --- [    Test worker] s.w.s.m.m.a.RequestMappingHandlerMapping : Mapped "{[/]}" onto public org.springframework.web.servlet.ModelAndView com.mitchellbosecke.seniorcommander.web.controller.LoginController.login()
2016-10-08 14:35:22.411  INFO 23780 --- [    Test worker] s.w.s.m.m.a.RequestMappingHandlerMapping : Mapped "{[/error]}" onto public org.springframework.http.ResponseEntity<java.util.Map<java.lang.String, java.lang.Object>> org.springframework.boot.autoconfigure.web.BasicErrorController.error(javax.servlet.http.HttpServletRequest)
2016-10-08 14:35:22.411  INFO 23780 --- [    Test worker] s.w.s.m.m.a.RequestMappingHandlerMapping : Mapped "{[/error],produces=[text/html]}" onto public org.springframework.web.servlet.ModelAndView org.springframework.boot.autoconfigure.web.BasicErrorController.errorHtml(javax.servlet.http.HttpServletRequest,javax.servlet.http.HttpServletResponse)
2016-10-08 14:35:23.071  INFO 23780 --- [    Test worker] o.s.w.s.handler.SimpleUrlHandlerMapping  : Mapped URL path [/webjars/**] onto handler of type [class org.springframework.web.servlet.resource.ResourceHttpRequestHandler]
2016-10-08 14:35:23.071  INFO 23780 --- [    Test worker] o.s.w.s.handler.SimpleUrlHandlerMapping  : Mapped URL path [/**] onto handler of type [class org.springframework.web.servlet.resource.ResourceHttpRequestHandler]
2016-10-08 14:35:23.431  INFO 23780 --- [    Test worker] o.s.w.s.handler.SimpleUrlHandlerMapping  : Mapped URL path [/**/favicon.ico] onto handler of type [class org.springframework.web.servlet.resource.ResourceHttpRequestHandler]
2016-10-08 14:35:25.776  INFO 23780 --- [    Test worker] b.a.s.AuthenticationManagerConfiguration : 

Using default security password: abedb3a6-5342-4f75-b02a-d2085430d12c

2016-10-08 14:35:26.041  INFO 23780 --- [    Test worker] o.s.s.web.DefaultSecurityFilterChain     : Creating filter chain: Ant [pattern='/css/**'], []
2016-10-08 14:35:26.041  INFO 23780 --- [    Test worker] o.s.s.web.DefaultSecurityFilterChain     : Creating filter chain: Ant [pattern='/js/**'], []
2016-10-08 14:35:26.042  INFO 23780 --- [    Test worker] o.s.s.web.DefaultSecurityFilterChain     : Creating filter chain: Ant [pattern='/images/**'], []
2016-10-08 14:35:26.046  INFO 23780 --- [    Test worker] o.s.s.web.DefaultSecurityFilterChain     : Creating filter chain: Ant [pattern='/webjars/**'], []
2016-10-08 14:35:26.046  INFO 23780 --- [    Test worker] o.s.s.web.DefaultSecurityFilterChain     : Creating filter chain: Ant [pattern='/**/favicon.ico'], []
2016-10-08 14:35:26.046  INFO 23780 --- [    Test worker] o.s.s.web.DefaultSecurityFilterChain     : Creating filter chain: Ant [pattern='/error'], []
2016-10-08 14:35:26.201  INFO 23780 --- [    Test worker] o.s.s.web.DefaultSecurityFilterChain     : Creating filter chain: Ant [pattern='/**'], [org.springframework.security.web.context.request.async.WebAsyncManagerIntegrationFilter@4eace215, org.springframework.security.web.context.SecurityContextPersistenceFilter@706fde2, org.springframework.security.web.header.HeaderWriterFilter@218580b6, org.springframework.security.web.csrf.CsrfFilter@4ee841f8, org.springframework.security.web.authentication.logout.LogoutFilter@3ef6a11a, org.springframework.security.oauth2.client.filter.OAuth2ClientAuthenticationProcessingFilter@5708c4aa, org.springframework.security.web.savedrequest.RequestCacheAwareFilter@5a27917, org.springframework.security.web.servletapi.SecurityContextHolderAwareRequestFilter@12e1abec, org.springframework.security.web.authentication.AnonymousAuthenticationFilter@61ef4e4f, org.springframework.security.web.session.SessionManagementFilter@408f493d, org.springframework.security.web.access.ExceptionTranslationFilter@5656d9c9, org.springframework.security.web.access.intercept.FilterSecurityInterceptor@344d3371]
2016-10-08 14:35:26.310  INFO 23780 --- [    Test worker] o.s.s.web.DefaultSecurityFilterChain     : Creating filter chain: OrRequestMatcher [requestMatchers=[Ant [pattern='/**']]], [org.springframework.security.web.context.request.async.WebAsyncManagerIntegrationFilter@4dbddf1c, org.springframework.security.web.context.SecurityContextPersistenceFilter@17f3e76, org.springframework.security.web.header.HeaderWriterFilter@3df6b50c, org.springframework.security.web.authentication.logout.LogoutFilter@4ef945bf, org.springframework.security.web.authentication.www.BasicAuthenticationFilter@741865aa, org.springframework.security.web.savedrequest.RequestCacheAwareFilter@3d36fcef, org.springframework.security.web.servletapi.SecurityContextHolderAwareRequestFilter@35606090, org.springframework.security.web.authentication.AnonymousAuthenticationFilter@acceffa, org.springframework.security.web.session.SessionManagementFilter@419904da, org.springframework.security.web.access.ExceptionTranslationFilter@550d2f11, org.springframework.security.web.access.intercept.FilterSecurityInterceptor@3c0a9e]
2016-10-08 14:35:27.750  INFO 23780 --- [    Test worker] m.s.w.SeniorCommanderWebApplicationTests : Started SeniorCommanderWebApplicationTests in 30.353 seconds (JVM running for 33.099)
]]></system-out>
  <system-err><![CDATA[]]></system-err>
</testsuite>
