<?xml version="1.0" encoding="UTF-8"?>
<testsuite name="com.mitchellbosecke.seniorcommander.web.SeniorCommanderWebApplicationTests" tests="1" skipped="0" failures="0" errors="0" timestamp="2016-09-11T20:18:24" hostname="mitchell-pc" time="0.015">
  <properties/>
  <testcase name="contextLoads" classname="com.mitchellbosecke.seniorcommander.web.SeniorCommanderWebApplicationTests" time="0.015"/>
  <system-out><![CDATA[14:18:18.115 [Test worker] DEBUG org.springframework.test.context.junit4.SpringJUnit4ClassRunner - SpringJUnit4ClassRunner constructor called with [class com.mitchellbosecke.seniorcommander.web.SeniorCommanderWebApplicationTests]
14:18:18.119 [Test worker] DEBUG org.springframework.test.context.BootstrapUtils - Instantiating CacheAwareContextLoaderDelegate from class [org.springframework.test.context.cache.DefaultCacheAwareContextLoaderDelegate]
14:18:18.126 [Test worker] DEBUG org.springframework.test.context.BootstrapUtils - Instantiating BootstrapContext using constructor [public org.springframework.test.context.support.DefaultBootstrapContext(java.lang.Class,org.springframework.test.context.CacheAwareContextLoaderDelegate)]
14:18:18.140 [Test worker] DEBUG org.springframework.test.context.BootstrapUtils - Instantiating TestContextBootstrapper for test class [com.mitchellbosecke.seniorcommander.web.SeniorCommanderWebApplicationTests] from class [org.springframework.boot.test.context.SpringBootTestContextBootstrapper]
14:18:18.152 [Test worker] INFO org.springframework.boot.test.context.SpringBootTestContextBootstrapper - Neither @ContextConfiguration nor @ContextHierarchy found for test class [com.mitchellbosecke.seniorcommander.web.SeniorCommanderWebApplicationTests], using SpringBootContextLoader
14:18:18.156 [Test worker] DEBUG org.springframework.test.context.support.AbstractContextLoader - Did not detect default resource location for test class [com.mitchellbosecke.seniorcommander.web.SeniorCommanderWebApplicationTests]: class path resource [com/mitchellbosecke/seniorcommander/web/SeniorCommanderWebApplicationTests-context.xml] does not exist
14:18:18.156 [Test worker] DEBUG org.springframework.test.context.support.AbstractContextLoader - Did not detect default resource location for test class [com.mitchellbosecke.seniorcommander.web.SeniorCommanderWebApplicationTests]: class path resource [com/mitchellbosecke/seniorcommander/web/SeniorCommanderWebApplicationTestsContext.groovy] does not exist
14:18:18.156 [Test worker] INFO org.springframework.test.context.support.AbstractContextLoader - Could not detect default resource locations for test class [com.mitchellbosecke.seniorcommander.web.SeniorCommanderWebApplicationTests]: no resource found for suffixes {-context.xml, Context.groovy}.
14:18:18.157 [Test worker] INFO org.springframework.test.context.support.AnnotationConfigContextLoaderUtils - Could not detect default configuration classes for test class [com.mitchellbosecke.seniorcommander.web.SeniorCommanderWebApplicationTests]: SeniorCommanderWebApplicationTests does not declare any static, non-private, non-final, nested classes annotated with @Configuration.
14:18:18.196 [Test worker] DEBUG org.springframework.test.context.support.ActiveProfilesUtils - Could not find an 'annotation declaring class' for annotation type [org.springframework.test.context.ActiveProfiles] and class [com.mitchellbosecke.seniorcommander.web.SeniorCommanderWebApplicationTests]
14:18:18.235 [Test worker] DEBUG org.springframework.core.env.StandardEnvironment - Adding [systemProperties] PropertySource with lowest search precedence
14:18:18.237 [Test worker] DEBUG org.springframework.core.env.StandardEnvironment - Adding [systemEnvironment] PropertySource with lowest search precedence
14:18:18.237 [Test worker] DEBUG org.springframework.core.env.StandardEnvironment - Initialized StandardEnvironment with PropertySources [systemProperties,systemEnvironment]
14:18:18.247 [Test worker] DEBUG org.springframework.core.io.support.PathMatchingResourcePatternResolver - Resolved classpath location [com/mitchellbosecke/seniorcommander/web/] to resources [URL [file:/C:/Users/mitch_000/Workspace/SeniorCommanderWeb/build/classes/test/com/mitchellbosecke/seniorcommander/web/], URL [file:/C:/Users/mitch_000/Workspace/SeniorCommanderWeb/build/classes/main/com/mitchellbosecke/seniorcommander/web/]]
14:18:18.248 [Test worker] DEBUG org.springframework.core.io.support.PathMatchingResourcePatternResolver - Looking for matching resources in directory tree [C:\Users\mitch_000\Workspace\SeniorCommanderWeb\build\classes\test\com\mitchellbosecke\seniorcommander\web]
14:18:18.249 [Test worker] DEBUG org.springframework.core.io.support.PathMatchingResourcePatternResolver - Searching directory [C:\Users\mitch_000\Workspace\SeniorCommanderWeb\build\classes\test\com\mitchellbosecke\seniorcommander\web] for files matching pattern [C:/Users/mitch_000/Workspace/SeniorCommanderWeb/build/classes/test/com/mitchellbosecke/seniorcommander/web/*.class]
14:18:18.253 [Test worker] DEBUG org.springframework.core.io.support.PathMatchingResourcePatternResolver - Looking for matching resources in directory tree [C:\Users\mitch_000\Workspace\SeniorCommanderWeb\build\classes\main\com\mitchellbosecke\seniorcommander\web]
14:18:18.253 [Test worker] DEBUG org.springframework.core.io.support.PathMatchingResourcePatternResolver - Searching directory [C:\Users\mitch_000\Workspace\SeniorCommanderWeb\build\classes\main\com\mitchellbosecke\seniorcommander\web] for files matching pattern [C:/Users/mitch_000/Workspace/SeniorCommanderWeb/build/classes/main/com/mitchellbosecke/seniorcommander/web/*.class]
14:18:18.254 [Test worker] DEBUG org.springframework.core.io.support.PathMatchingResourcePatternResolver - Resolved location pattern [classpath*:com/mitchellbosecke/seniorcommander/web/*.class] to resources [file [C:\Users\mitch_000\Workspace\SeniorCommanderWeb\build\classes\test\com\mitchellbosecke\seniorcommander\web\SeniorCommanderWebApplicationTests.class], file [C:\Users\mitch_000\Workspace\SeniorCommanderWeb\build\classes\main\com\mitchellbosecke\seniorcommander\web\AccessLevel.class], file [C:\Users\mitch_000\Workspace\SeniorCommanderWeb\build\classes\main\com\mitchellbosecke\seniorcommander\web\SeniorCommanderWebApplication.class]]
14:18:18.323 [Test worker] DEBUG org.springframework.context.annotation.ClassPathScanningCandidateComponentProvider - Identified candidate component class: file [C:\Users\mitch_000\Workspace\SeniorCommanderWeb\build\classes\main\com\mitchellbosecke\seniorcommander\web\SeniorCommanderWebApplication.class]
14:18:18.324 [Test worker] INFO org.springframework.boot.test.context.SpringBootTestContextBootstrapper - Found @SpringBootConfiguration com.mitchellbosecke.seniorcommander.web.SeniorCommanderWebApplication for test class com.mitchellbosecke.seniorcommander.web.SeniorCommanderWebApplicationTests
14:18:18.328 [Test worker] DEBUG org.springframework.boot.test.context.SpringBootTestContextBootstrapper - @TestExecutionListeners is not present for class [com.mitchellbosecke.seniorcommander.web.SeniorCommanderWebApplicationTests]: using defaults.
14:18:18.332 [Test worker] INFO org.springframework.boot.test.context.SpringBootTestContextBootstrapper - Loaded default TestExecutionListener class names from location [META-INF/spring.factories]: [org.springframework.boot.test.mock.mockito.MockitoTestExecutionListener, org.springframework.boot.test.mock.mockito.ResetMocksTestExecutionListener, org.springframework.boot.test.autoconfigure.AutoConfigureReportTestExecutionListener, org.springframework.boot.test.autoconfigure.restdocs.RestDocsTestExecutionListener, org.springframework.boot.test.autoconfigure.web.client.MockRestServiceServerResetTestExecutionListener, org.springframework.test.context.web.ServletTestExecutionListener, org.springframework.test.context.support.DirtiesContextBeforeModesTestExecutionListener, org.springframework.test.context.support.DependencyInjectionTestExecutionListener, org.springframework.test.context.support.DirtiesContextTestExecutionListener, org.springframework.test.context.transaction.TransactionalTestExecutionListener, org.springframework.test.context.jdbc.SqlScriptsTestExecutionListener]
14:18:18.349 [Test worker] INFO org.springframework.boot.test.context.SpringBootTestContextBootstrapper - Using TestExecutionListeners: [org.springframework.test.context.web.ServletTestExecutionListener@1d5f7fe0, org.springframework.test.context.support.DirtiesContextBeforeModesTestExecutionListener@b6983f3, org.springframework.boot.test.autoconfigure.AutoConfigureReportTestExecutionListener@622bc007, org.springframework.test.context.support.DependencyInjectionTestExecutionListener@3d97f0bf, org.springframework.test.context.support.DirtiesContextTestExecutionListener@5b512892, org.springframework.test.context.transaction.TransactionalTestExecutionListener@1ce04e10, org.springframework.test.context.jdbc.SqlScriptsTestExecutionListener@20f78e73, org.springframework.boot.test.mock.mockito.MockitoTestExecutionListener@226780da, org.springframework.boot.test.autoconfigure.restdocs.RestDocsTestExecutionListener@70a029bc, org.springframework.boot.test.mock.mockito.ResetMocksTestExecutionListener@6eae6976, org.springframework.boot.test.autoconfigure.web.client.MockRestServiceServerResetTestExecutionListener@7236f6c6]
14:18:18.353 [Test worker] DEBUG org.springframework.test.annotation.ProfileValueUtils - Retrieved @ProfileValueSourceConfiguration [null] for test class [com.mitchellbosecke.seniorcommander.web.SeniorCommanderWebApplicationTests]
14:18:18.353 [Test worker] DEBUG org.springframework.test.annotation.ProfileValueUtils - Retrieved ProfileValueSource type [class org.springframework.test.annotation.SystemProfileValueSource] for class [com.mitchellbosecke.seniorcommander.web.SeniorCommanderWebApplicationTests]
14:18:18.354 [Test worker] DEBUG org.springframework.test.annotation.ProfileValueUtils - Retrieved @ProfileValueSourceConfiguration [null] for test class [com.mitchellbosecke.seniorcommander.web.SeniorCommanderWebApplicationTests]
14:18:18.354 [Test worker] DEBUG org.springframework.test.annotation.ProfileValueUtils - Retrieved ProfileValueSource type [class org.springframework.test.annotation.SystemProfileValueSource] for class [com.mitchellbosecke.seniorcommander.web.SeniorCommanderWebApplicationTests]
14:18:18.359 [Test worker] DEBUG org.springframework.test.context.support.AbstractDirtiesContextTestExecutionListener - Before test class: context [DefaultTestContext@3cf96669 testClass = SeniorCommanderWebApplicationTests, testInstance = [null], testMethod = [null], testException = [null], mergedContextConfiguration = [WebMergedContextConfiguration@7bfcec82 testClass = SeniorCommanderWebApplicationTests, locations = '{}', classes = '{class com.mitchellbosecke.seniorcommander.web.SeniorCommanderWebApplication}', contextInitializerClasses = '[]', activeProfiles = '{}', propertySourceLocations = '{}', propertySourceProperties = '{org.springframework.boot.test.context.SpringBootTestContextBootstrapper=true}', contextCustomizers = set[org.springframework.boot.test.context.SpringBootTestContextCustomizer@2e6b47e, org.springframework.boot.test.context.filter.ExcludeFilterContextCustomizer@66e5c0fd, org.springframework.boot.test.mock.mockito.MockitoContextCustomizer@0, org.springframework.boot.test.autoconfigure.properties.PropertyMappingContextCustomizer@0], resourceBasePath = 'src/main/webapp', contextLoader = 'org.springframework.boot.test.context.SpringBootContextLoader', parent = [null]]], class annotated with @DirtiesContext [false] with mode [null].
14:18:18.359 [Test worker] DEBUG org.springframework.test.annotation.ProfileValueUtils - Retrieved @ProfileValueSourceConfiguration [null] for test class [com.mitchellbosecke.seniorcommander.web.SeniorCommanderWebApplicationTests]
14:18:18.359 [Test worker] DEBUG org.springframework.test.annotation.ProfileValueUtils - Retrieved ProfileValueSource type [class org.springframework.test.annotation.SystemProfileValueSource] for class [com.mitchellbosecke.seniorcommander.web.SeniorCommanderWebApplicationTests]
14:18:18.390 [Test worker] DEBUG org.springframework.core.env.StandardEnvironment - Adding [systemProperties] PropertySource with lowest search precedence
14:18:18.391 [Test worker] DEBUG org.springframework.core.env.StandardEnvironment - Adding [systemEnvironment] PropertySource with lowest search precedence
14:18:18.391 [Test worker] DEBUG org.springframework.core.env.StandardEnvironment - Initialized StandardEnvironment with PropertySources [systemProperties,systemEnvironment]
14:18:18.392 [Test worker] DEBUG org.springframework.test.context.support.TestPropertySourceUtils - Adding inlined properties to environment: {spring.jmx.enabled=false, org.springframework.boot.test.context.SpringBootTestContextBootstrapper=true, server.port=-1}
14:18:18.393 [Test worker] DEBUG org.springframework.core.env.StandardEnvironment - Adding [Inlined Test Properties] PropertySource with highest search precedence

  .   ____          _            __ _ _
 /\\ / ___'_ __ _ _(_)_ __  __ _ \ \ \ \
( ( )\___ | '_ | '_| | '_ \/ _` | \ \ \ \
 \\/  ___)| |_)| | | | | || (_| |  ) ) ) )
  '  |____| .__|_| |_|_| |_\__, | / / / /
 =========|_|==============|___/=/_/_/_/
 :: Spring Boot ::        (v1.4.0.RELEASE)

2016-09-11 14:18:18.858  INFO 13124 --- [    Test worker] m.s.w.SeniorCommanderWebApplicationTests : Starting SeniorCommanderWebApplicationTests on mitchell-pc with PID 13124 (started by mitch_000 in C:\Users\mitch_000\Workspace\SeniorCommanderWeb)
2016-09-11 14:18:18.859  INFO 13124 --- [    Test worker] m.s.w.SeniorCommanderWebApplicationTests : No active profile set, falling back to default profiles: default
2016-09-11 14:18:18.895  INFO 13124 --- [    Test worker] o.s.w.c.s.GenericWebApplicationContext   : Refreshing org.springframework.web.context.support.GenericWebApplicationContext@5b2e0ced: startup date [Sun Sep 11 14:18:18 MDT 2016]; root of context hierarchy
2016-09-11 14:18:20.143  INFO 13124 --- [    Test worker] o.s.b.f.s.DefaultListableBeanFactory     : Overriding bean definition for bean 'scopedTarget.oauth2ClientContext' with a different definition: replacing [Root bean: class [null]; scope=session; abstract=false; lazyInit=false; autowireMode=3; dependencyCheck=0; autowireCandidate=false; primary=false; factoryBeanName=org.springframework.security.oauth2.config.annotation.web.configuration.OAuth2ClientConfiguration$OAuth2ClientContextConfiguration; factoryMethodName=oauth2ClientContext; initMethodName=null; destroyMethodName=(inferred); defined in class path resource [org/springframework/security/oauth2/config/annotation/web/configuration/OAuth2ClientConfiguration$OAuth2ClientContextConfiguration.class]] with [Root bean: class [null]; scope=session; abstract=false; lazyInit=false; autowireMode=3; dependencyCheck=0; autowireCandidate=false; primary=false; factoryBeanName=org.springframework.boot.autoconfigure.security.oauth2.client.OAuth2RestOperationsConfiguration$SessionScopedConfiguration$ClientContextConfiguration; factoryMethodName=oauth2ClientContext; initMethodName=null; destroyMethodName=(inferred); defined in class path resource [org/springframework/boot/autoconfigure/security/oauth2/client/OAuth2RestOperationsConfiguration$SessionScopedConfiguration$ClientContextConfiguration.class]]
2016-09-11 14:18:20.754  INFO 13124 --- [    Test worker] trationDelegate$BeanPostProcessorChecker : Bean 'org.springframework.transaction.annotation.ProxyTransactionManagementConfiguration' of type [class org.springframework.transaction.annotation.ProxyTransactionManagementConfiguration$$EnhancerBySpringCGLIB$$7d1dddbf] is not eligible for getting processed by all BeanPostProcessors (for example: not eligible for auto-proxying)
2016-09-11 14:18:21.453  INFO 13124 --- [    Test worker] j.LocalContainerEntityManagerFactoryBean : Building JPA container EntityManagerFactory for persistence unit 'default'
2016-09-11 14:18:21.468  INFO 13124 --- [    Test worker] o.hibernate.jpa.internal.util.LogHelper  : HHH000204: Processing PersistenceUnitInfo [
	name: default
	...]
2016-09-11 14:18:21.541  INFO 13124 --- [    Test worker] org.hibernate.Version                    : HHH000412: Hibernate Core {5.0.9.Final}
2016-09-11 14:18:21.542  INFO 13124 --- [    Test worker] org.hibernate.cfg.Environment            : HHH000206: hibernate.properties not found
2016-09-11 14:18:21.544  INFO 13124 --- [    Test worker] org.hibernate.cfg.Environment            : HHH000021: Bytecode provider name : javassist
2016-09-11 14:18:21.588  INFO 13124 --- [    Test worker] o.hibernate.annotations.common.Version   : HCANN000001: Hibernate Commons Annotations {5.0.1.Final}
2016-09-11 14:18:21.716  INFO 13124 --- [    Test worker] org.hibernate.dialect.Dialect            : HHH000400: Using dialect: org.hibernate.dialect.PostgreSQL94Dialect
2016-09-11 14:18:21.861  INFO 13124 --- [    Test worker] o.h.e.j.e.i.LobCreatorBuilderImpl        : HHH000424: Disabling contextual LOB creation as createClob() method threw error : java.lang.reflect.InvocationTargetException
2016-09-11 14:18:21.862  INFO 13124 --- [    Test worker] org.hibernate.type.BasicTypeRegistry     : HHH000270: Type registration [java.util.UUID] overrides previous : org.hibernate.type.UUIDBinaryType@3d77012f
2016-09-11 14:18:22.599  INFO 13124 --- [    Test worker] j.LocalContainerEntityManagerFactoryBean : Initialized JPA EntityManagerFactory for persistence unit 'default'
2016-09-11 14:18:22.934  INFO 13124 --- [    Test worker] o.s.aop.framework.CglibAopProxy          : Unable to proxy method [protected final org.springframework.context.ApplicationContext org.springframework.security.config.annotation.web.configuration.WebSecurityConfigurerAdapter.getApplicationContext()] because it is final: All calls to this method via a proxy will NOT be routed to the target instance.
2016-09-11 14:18:22.934  INFO 13124 --- [    Test worker] o.s.aop.framework.CglibAopProxy          : Unable to proxy method [protected final org.springframework.security.config.annotation.web.builders.HttpSecurity org.springframework.security.config.annotation.web.configuration.WebSecurityConfigurerAdapter.getHttp() throws java.lang.Exception] because it is final: All calls to this method via a proxy will NOT be routed to the target instance.
2016-09-11 14:18:23.783  INFO 13124 --- [    Test worker] s.w.s.m.m.a.RequestMappingHandlerAdapter : Looking for @ControllerAdvice: org.springframework.web.context.support.GenericWebApplicationContext@5b2e0ced: startup date [Sun Sep 11 14:18:18 MDT 2016]; root of context hierarchy
2016-09-11 14:18:23.895  INFO 13124 --- [    Test worker] s.w.s.m.m.a.RequestMappingHandlerMapping : Mapped "{[/]}" onto public java.lang.String com.mitchellbosecke.seniorcommander.web.controller.LandingPageController.profile()
2016-09-11 14:18:23.897  INFO 13124 --- [    Test worker] s.w.s.m.m.a.RequestMappingHandlerMapping : Mapped "{[/profile]}" onto public java.lang.String com.mitchellbosecke.seniorcommander.web.controller.ProfileController.profile()
2016-09-11 14:18:23.897  INFO 13124 --- [    Test worker] s.w.s.m.m.a.RequestMappingHandlerMapping : Mapped "{[/profile2]}" onto public java.lang.String com.mitchellbosecke.seniorcommander.web.controller.ProfileController.profile2()
2016-09-11 14:18:23.900  INFO 13124 --- [    Test worker] s.w.s.m.m.a.RequestMappingHandlerMapping : Mapped "{[/error]}" onto public org.springframework.http.ResponseEntity<java.util.Map<java.lang.String, java.lang.Object>> org.springframework.boot.autoconfigure.web.BasicErrorController.error(javax.servlet.http.HttpServletRequest)
2016-09-11 14:18:23.900  INFO 13124 --- [    Test worker] s.w.s.m.m.a.RequestMappingHandlerMapping : Mapped "{[/error],produces=[text/html]}" onto public org.springframework.web.servlet.ModelAndView org.springframework.boot.autoconfigure.web.BasicErrorController.errorHtml(javax.servlet.http.HttpServletRequest,javax.servlet.http.HttpServletResponse)
2016-09-11 14:18:23.967  INFO 13124 --- [    Test worker] o.s.w.s.handler.SimpleUrlHandlerMapping  : Mapped URL path [/webjars/**] onto handler of type [class org.springframework.web.servlet.resource.ResourceHttpRequestHandler]
2016-09-11 14:18:23.967  INFO 13124 --- [    Test worker] o.s.w.s.handler.SimpleUrlHandlerMapping  : Mapped URL path [/**] onto handler of type [class org.springframework.web.servlet.resource.ResourceHttpRequestHandler]
2016-09-11 14:18:24.029  INFO 13124 --- [    Test worker] o.s.w.s.handler.SimpleUrlHandlerMapping  : Mapped URL path [/**/favicon.ico] onto handler of type [class org.springframework.web.servlet.resource.ResourceHttpRequestHandler]
2016-09-11 14:18:24.481  INFO 13124 --- [    Test worker] b.a.s.AuthenticationManagerConfiguration : 

Using default security password: 5e77b587-0ea5-4100-ac00-69c0f71d339b

2016-09-11 14:18:24.553  INFO 13124 --- [    Test worker] o.s.s.web.DefaultSecurityFilterChain     : Creating filter chain: Ant [pattern='/css/**'], []
2016-09-11 14:18:24.554  INFO 13124 --- [    Test worker] o.s.s.web.DefaultSecurityFilterChain     : Creating filter chain: Ant [pattern='/js/**'], []
2016-09-11 14:18:24.554  INFO 13124 --- [    Test worker] o.s.s.web.DefaultSecurityFilterChain     : Creating filter chain: Ant [pattern='/images/**'], []
2016-09-11 14:18:24.554  INFO 13124 --- [    Test worker] o.s.s.web.DefaultSecurityFilterChain     : Creating filter chain: Ant [pattern='/webjars/**'], []
2016-09-11 14:18:24.554  INFO 13124 --- [    Test worker] o.s.s.web.DefaultSecurityFilterChain     : Creating filter chain: Ant [pattern='/**/favicon.ico'], []
2016-09-11 14:18:24.554  INFO 13124 --- [    Test worker] o.s.s.web.DefaultSecurityFilterChain     : Creating filter chain: Ant [pattern='/error'], []
2016-09-11 14:18:24.638  INFO 13124 --- [    Test worker] o.s.s.web.DefaultSecurityFilterChain     : Creating filter chain: Ant [pattern='/**'], [org.springframework.security.web.context.request.async.WebAsyncManagerIntegrationFilter@18dba3c, org.springframework.security.web.context.SecurityContextPersistenceFilter@dc29544, org.springframework.security.web.header.HeaderWriterFilter@2d89f57a, org.springframework.security.web.csrf.CsrfFilter@700c99c4, org.springframework.security.web.authentication.logout.LogoutFilter@62ef1e67, org.springframework.security.oauth2.client.filter.OAuth2ClientAuthenticationProcessingFilter@46fe7fa1, org.springframework.security.web.savedrequest.RequestCacheAwareFilter@254acd96, org.springframework.security.web.servletapi.SecurityContextHolderAwareRequestFilter@79d61cad, org.springframework.security.web.authentication.AnonymousAuthenticationFilter@7e0cf7f1, org.springframework.security.web.session.SessionManagementFilter@6128a204, org.springframework.security.web.access.ExceptionTranslationFilter@7d1dc1bf, org.springframework.security.web.access.intercept.FilterSecurityInterceptor@49d9fbe1]
2016-09-11 14:18:24.656  INFO 13124 --- [    Test worker] o.s.s.web.DefaultSecurityFilterChain     : Creating filter chain: OrRequestMatcher [requestMatchers=[Ant [pattern='/**']]], [org.springframework.security.web.context.request.async.WebAsyncManagerIntegrationFilter@5fee90e5, org.springframework.security.web.context.SecurityContextPersistenceFilter@657808c1, org.springframework.security.web.header.HeaderWriterFilter@4067a0b5, org.springframework.security.web.authentication.logout.LogoutFilter@75e00ab9, org.springframework.security.web.authentication.www.BasicAuthenticationFilter@23aab16e, org.springframework.security.web.savedrequest.RequestCacheAwareFilter@785f30ba, org.springframework.security.web.servletapi.SecurityContextHolderAwareRequestFilter@540450c, org.springframework.security.web.authentication.AnonymousAuthenticationFilter@436c0755, org.springframework.security.web.session.SessionManagementFilter@ea8bce, org.springframework.security.web.access.ExceptionTranslationFilter@5f485e5a, org.springframework.security.web.access.intercept.FilterSecurityInterceptor@51f3c9f3]
2016-09-11 14:18:24.864  INFO 13124 --- [    Test worker] m.s.w.SeniorCommanderWebApplicationTests : Started SeniorCommanderWebApplicationTests in 6.462 seconds (JVM running for 7.384)
]]></system-out>
  <system-err><![CDATA[]]></system-err>
</testsuite>
